1691430419665	geckodriver	INFO	Listening on 127.0.0.1:50013
1691430419669	mozrunner::runner	INFO	Running command: MOZ_CRASHREPORTER="1" MOZ_CRASHREPORTER_NO_REPORT="1" MOZ_CRASHREPORTER_SHUTDOWN="1" MOZ_NO_REMOTE="1" "/usr ... 80" "--remote-debugging-port" "34731" "--remote-allow-hosts" "localhost" "-no-remote" "-profile" "/tmp/rust_mozprofile9Ar8oo"
*** You are running in headless mode.

(firefox:3100): Gtk-WARNING **: 17:46:59.687: Locale not supported by C library.
	Using the fallback 'C' locale.
console.warn: services.settings: Ignoring preference override of remote settings server
console.warn: services.settings: Allow by setting MOZ_REMOTE_SETTINGS_DEVTOOLS=1 in the environment
[GFX1-]: glxtest: libpci missing
[GFX1-]: glxtest: Unable to open a connection to the X server
[GFX1-]: No GPUs detected via PCI

1691430419949	Marionette	INFO	Marionette enabled
console.error: "Warning: unrecognized command line flag" "-disable-gpu"
1691430420036	Marionette	INFO	Listening on port 36211
WebDriver BiDi listening on ws://127.0.0.1:34731
Read port: 36211
1691430420208	RemoteAgent	WARN	TLS certificate errors will be ignored for this session
[GFX1-]: RenderCompositorSWGL failed mapping default framebuffer, no dt
console.error: ({})
DevTools listening on ws://127.0.0.1:34731/devtools/browser/16bac2b6-b479-4516-ae8c-58233f32b77a
1691430422575	Marionette	INFO	Stopped listening on port 36211
1691430755982	geckodriver	INFO	Listening on 127.0.0.1:57595
1691430756486	mozrunner::runner	INFO	Running command: MOZ_CRASHREPORTER="1" MOZ_CRASHREPORTER_NO_REPORT="1" MOZ_CRASHREPORTER_SHUTDOWN="1" MOZ_NO_REMOTE="1" "/usr ... 80" "--remote-debugging-port" "34443" "--remote-allow-hosts" "localhost" "-no-remote" "-profile" "/tmp/rust_mozprofileLXLKwp"
*** You are running in headless mode.

(firefox:3603): Gtk-WARNING **: 17:52:36.507: Locale not supported by C library.
	Using the fallback 'C' locale.
console.warn: services.settings: Ignoring preference override of remote settings server
console.warn: services.settings: Allow by setting MOZ_REMOTE_SETTINGS_DEVTOOLS=1 in the environment
[GFX1-]: glxtest: libpci missing
[GFX1-]: glxtest: Unable to open a connection to the X server
[GFX1-]: No GPUs detected via PCI

1691430756758	Marionette	INFO	Marionette enabled
console.error: "Warning: unrecognized command line flag" "-disable-gpu"
1691430756842	Marionette	INFO	Listening on port 43713
WebDriver BiDi listening on ws://127.0.0.1:34443
Read port: 43713
1691430757046	RemoteAgent	WARN	TLS certificate errors will be ignored for this session
[GFX1-]: RenderCompositorSWGL failed mapping default framebuffer, no dt
console.error: ({})
DevTools listening on ws://127.0.0.1:34443/devtools/browser/a47e54b5-21c1-4157-b0ac-f7ae17dbff25
JavaScript warning: https://www.gvdrenovationsinc.com/app-f4972f89c4cf4e5f98be.js, line 2: unreachable code after return statement
JavaScript warning: https://www.gvdrenovationsinc.com/app-f4972f89c4cf4e5f98be.js, line 2: unreachable code after return statement
JavaScript warning: https://www.gvdrenovationsinc.com/app-f4972f89c4cf4e5f98be.js, line 2: unreachable code after return statement
1691430760185	Marionette	INFO	Stopped listening on port 43713
JavaScript warning: https://www.gvdrenovationsinc.com/framework-9e1d3bc9c6d0e2137f08.js, line 2: Script terminated by timeout at:
Ce@https://www.gvdrenovationsinc.com/framework-9e1d3bc9c6d0e2137f08.js:2:15621
Jt@https://www.gvdrenovationsinc.com/framework-9e1d3bc9c6d0e2137f08.js:2:25171
Zt@https://www.gvdrenovationsinc.com/framework-9e1d3bc9c6d0e2137f08.js:2:24641

1691440639578	geckodriver	INFO	Listening on 127.0.0.1:35441
1691440639929	mozrunner::runner	INFO	Running command: MOZ_CRASHREPORTER="1" MOZ_CRASHREPORTER_NO_REPORT="1" MOZ_CRASHREPORTER_SHUTDOWN="1" MOZ_NO_REMOTE="1" "/usr ... 80" "--remote-debugging-port" "34117" "--remote-allow-hosts" "localhost" "-no-remote" "-profile" "/tmp/rust_mozprofileAfqQ6V"
*** You are running in headless mode.

(firefox:2304): Gtk-WARNING **: 20:37:19.947: Locale not supported by C library.
	Using the fallback 'C' locale.
console.warn: services.settings: Ignoring preference override of remote settings server
console.warn: services.settings: Allow by setting MOZ_REMOTE_SETTINGS_DEVTOOLS=1 in the environment
[GFX1-]: glxtest: libpci missing
[GFX1-]: glxtest: Unable to open a connection to the X server
[GFX1-]: No GPUs detected via PCI

1691440640251	Marionette	INFO	Marionette enabled
console.error: "Warning: unrecognized command line flag" "-disable-gpu"
1691440640354	Marionette	INFO	Listening on port 36465
WebDriver BiDi listening on ws://127.0.0.1:34117
Read port: 36465
1691440640679	RemoteAgent	WARN	TLS certificate errors will be ignored for this session
[GFX1-]: RenderCompositorSWGL failed mapping default framebuffer, no dt
console.error: ({})
DevTools listening on ws://127.0.0.1:34117/devtools/browser/893b9aa9-5214-457b-9294-c7f6033d8ab8
JavaScript warning: https://www.gvdrenovationsinc.com/app-f4972f89c4cf4e5f98be.js, line 2: unreachable code after return statement
JavaScript warning: https://www.gvdrenovationsinc.com/app-f4972f89c4cf4e5f98be.js, line 2: unreachable code after return statement
JavaScript warning: https://www.gvdrenovationsinc.com/app-f4972f89c4cf4e5f98be.js, line 2: unreachable code after return statement
1691440643409	Marionette	INFO	Stopped listening on port 36465
